epoch,loss,val_loss
0,1.8845236953269415,1.898675558784222
1,1.8924757118668205,1.883564014177615
2,1.9218011645148911,1.9025190936378729
3,1.8957065644398559,1.856185329579734
4,1.9126192827000208,1.9063285965662295
5,1.91683977675106,1.9384116738297514
6,1.8975453924590222,1.9065387539348715
7,1.919859713067537,1.8846539182460236
8,1.879157757017113,1.8443129053179315
9,1.8992009687517089,1.8651335555936108
10,1.9228714695733606,1.9012230088673603
11,1.8971821293174558,1.8606009860965718
12,1.889993625377613,1.8950297916564305
13,1.9476867370452404,1.8597598038920937
14,1.8768115370299676,1.9052810868357692
15,1.890576129457981,1.896376725826148
16,1.8969887653739623,1.8394193937753132
17,1.9089381822280498,1.8307699908965795
18,1.905489924665642,1.9182408167421374
19,1.9023383036544483,1.846588943593609
20,1.92705354975164,1.8745169565340631
21,1.8858004257459131,1.8637917534507136
22,1.903396933773498,1.8464513396842603
23,1.8944978769815481,1.8734373678999552
24,1.876293259439881,1.892293188604376
25,1.890963834662959,1.8469751077883882
26,1.9176621444380915,1.876215346344796
27,1.9119501394380316,1.8988154753798392
28,1.8920827831688691,1.8695140387032159
29,1.8898317743583,1.8358127633166121
30,1.8977521893733398,1.9047560323323205
31,1.8727160487535726,1.9102755112386074
32,1.9279014149247684,1.8537247781070516
33,1.8813882275728782,1.8667793126971646
34,1.8865614892818385,1.8433582574570204
35,1.9058856844871588,1.838876462236137
36,1.909899609561086,1.8382429257871569
37,1.8861507578933776,1.965068855292276
38,1.8898304773577785,1.8932297205728417
39,1.8851145185665628,1.8408240485335812
40,1.9477673554776744,1.8996502427935447
41,1.9300619203005265,1.887216008146458
42,1.8973399926606782,1.8602860257276728
43,1.9033994471982671,1.8300796189587154
44,1.887414214535079,1.8891569680794356
45,1.8763416397375665,1.8423397820981338
46,1.8933342610354968,1.8985270311617621
47,1.8877501520374416,1.8363153109238333
48,1.9250971849223826,1.8967116229806742
49,1.9125188899507324,1.8327004868069814
50,1.8990175835072975,1.8664462666081922
51,1.9224889483700118,1.858285874018807
52,1.9108879314568608,1.8617514979227114
53,1.9163880020505628,1.8796215126291103
54,1.8700952972609186,1.821517990304991
55,1.9351071269379514,1.870299079442576
56,1.9154207192139636,1.8393394220452022
57,1.9339950322708999,1.9127761134327352
58,1.9264583004773121,1.8914792897910386
59,1.908617986357985,1.8924534618647295
60,1.9150053732209118,1.9018983884519436
61,1.891465911575344,1.8541637536394
62,1.9019876698728184,1.8676077274884464
63,1.917853369146041,1.8810570080159283
64,1.8999824682193127,1.88250162487318
65,1.881315494122656,1.851685413244264
66,1.9015000432563511,1.8656022706879183
67,1.920680020919141,1.873094758530815
68,1.9084680172856971,1.8306725817853056
69,1.8807387995133227,1.9050058264522527
70,1.8709145420805007,1.8960942423804297
71,1.895065207629882,1.8863190870909323
72,1.9303045903454137,1.8711692840230967
73,1.9101671894430288,1.9053759380688056
74,1.9197834004661154,1.9092579662853122
75,1.9104166972621444,1.8823094795225535
76,1.889378125053788,1.8706754327258512
77,1.9247642866501107,1.8773762718430695
78,1.8998529437875944,1.9166603682353076
79,1.8704384641733818,1.8688025800073658
80,1.8716501840874582,1.871357871177145
81,1.9044472609038676,1.8713096236358442
82,1.9135761441761794,1.8824477307524359
83,1.8833373633019337,1.8572526554773827
84,1.9016655271773675,1.870820159103092
85,1.8882824759804286,1.9202711999955144
86,1.8905441416695918,1.924291306436269
87,1.9068113767510504,1.828766175222051
88,1.8732847406914004,1.9033275815786217
89,1.9181954195543167,1.8836140208700463
90,1.9317914175788806,1.8750773376749232
91,1.9361309341769437,1.88214105952043
92,1.9286275685247147,1.9042010192803833
93,1.9125371166073177,1.8810185582538081
94,1.8995202758099172,1.8576855309447453
95,1.9069725609641761,1.8171797483149974
96,1.8849986841143804,1.881589184785962
97,1.9317396084646257,1.8639807608864851
98,1.897521164028615,1.837039578004782
99,1.923741916033027,1.867318511139474
100,1.8829964648576485,1.8775550905140317
101,1.8789293192535736,1.8819921244170066
102,1.8647207064953206,1.8648863799334923
103,1.8852398489681645,1.8498249480489162
104,1.8767948164134562,1.9288662363332587
105,1.9063254983099622,1.883513944393191
106,1.919066317164734,1.924281746483588
107,1.9255607350940698,1.8839404617317907
108,1.8663698239615556,1.845289167882291
109,1.902414452408439,1.8628015631157249
110,1.8731020542086148,1.8702072915342176
111,1.894693688960808,1.8850793098875247
112,1.9072381117075023,1.877965960375209
113,1.9168943714235795,1.8465611707421747
114,1.9321035790389625,1.8654087560823638
115,1.9180357955623604,1.8516925666423898
116,1.9215744537860378,1.8518667766966648
117,1.8991031456919352,1.821650215775867
118,1.8610232317400464,1.8688962710842756
119,1.8796708570154361,1.8703299373716895
120,1.9103954606821743,1.8531314710691147
121,1.8713737869481941,1.8674432675983175
122,1.890038008814525,1.8693924098452024
123,1.8765265002369023,1.81605250143633
124,1.9063379836750343,1.903668310822945
125,1.8981188231511925,1.910499197801791
126,1.9004916534036496,1.853874510161344
127,1.8675040377831214,1.8931529855874984
128,1.9129857033309698,1.9232610179305822
129,1.911008684189263,1.863317390154665
130,1.8999251941798407,1.8497021837244918
131,1.931530065034875,1.8666341153561945
132,1.9234798332858123,1.8353476201077612
133,1.8977656725585839,1.838048408483102
134,1.8985613497125016,1.849357310338019
135,1.8710679084771824,1.8349333358187536
136,1.8926136784892749,1.8623741902103843
137,1.9171898383671786,1.878673656239959
138,1.8907951439516597,1.8220240152070453
139,1.873162137091279,1.8458189428344056
140,1.9112244196497186,1.8772140019366506
141,1.942723589866086,1.8751613156400229
142,1.9222207131567086,1.8995893128498245
143,1.891367862178294,1.8241167105190375
144,1.8769149355588124,1.857066730158893
145,1.9238065264732416,1.8384412330395536
146,1.9051063034166915,1.8995615526215255
147,1.9020020710873347,1.873767395745184
148,1.909633408845717,1.8947956000987687
149,1.8750790208736707,1.9133193702722384
150,1.892580805557066,1.9068725618051894
151,1.870602917044935,1.8677190971241886
152,1.9297516714126357,1.8940638980740432
153,1.8700621395845147,1.905052457237547
154,1.8802757502094458,1.829138339649332
155,1.9023538331397978,1.859436772532078
156,1.9045493112192426,1.8845235019925217
157,1.9053186793551955,1.8859699286829104
158,1.891109198485355,1.9236482432857933
159,1.9059783019532421,1.8617904849022588
160,1.885584482171637,1.839770795098954
161,1.8843788963576147,1.9294893626033744
162,1.928165645266235,1.8927066471319254
163,1.8847841950352862,1.8520365466992905
164,1.9045604730739494,1.892041842726926
165,1.8916967225904264,1.8596511356546637
166,1.8855419762112526,1.907469943783022
167,1.8779935206590046,1.913514549781706
168,1.921839014314246,1.8747847516001237
169,1.8997974443762506,1.8701305265422847
170,1.906256205082305,1.9062113219083356
171,1.8887477523243499,1.86704477768166
172,1.8766207720382881,1.9028551322506546
173,1.8947862727192708,1.889474875713586
